c:\users\abrah\desktop\documents\github\prlabcg_oficina\pr8_cgeihc\x64\debug\vc143.pdb
c:\users\abrah\desktop\documents\github\prlabcg_oficina\pr8_cgeihc\x64\debug\vc143.idb
c:\users\abrah\desktop\documents\github\prlabcg_oficina\pr8_cgeihc\x64\debug\window.obj
c:\users\abrah\desktop\documents\github\prlabcg_oficina\pr8_cgeihc\x64\debug\texture.obj
c:\users\abrah\desktop\documents\github\prlabcg_oficina\pr8_cgeihc\x64\debug\spotlight.obj
c:\users\abrah\desktop\documents\github\prlabcg_oficina\pr8_cgeihc\x64\debug\sphere.obj
c:\users\abrah\desktop\documents\github\prlabcg_oficina\pr8_cgeihc\x64\debug\skybox.obj
c:\users\abrah\desktop\documents\github\prlabcg_oficina\pr8_cgeihc\x64\debug\shader_light.obj
c:\users\abrah\desktop\documents\github\prlabcg_oficina\pr8_cgeihc\x64\debug\pointlight.obj
c:\users\abrah\desktop\documents\github\prlabcg_oficina\pr8_cgeihc\x64\debug\model.obj
c:\users\abrah\desktop\documents\github\prlabcg_oficina\pr8_cgeihc\x64\debug\mesh_tn.obj
c:\users\abrah\desktop\documents\github\prlabcg_oficina\pr8_cgeihc\x64\debug\material.obj
c:\users\abrah\desktop\documents\github\prlabcg_oficina\pr8_cgeihc\x64\debug\light.obj
c:\users\abrah\desktop\documents\github\prlabcg_oficina\pr8_cgeihc\x64\debug\directionallight.obj
c:\users\abrah\desktop\documents\github\prlabcg_oficina\pr8_cgeihc\x64\debug\camera.obj
c:\users\abrah\desktop\documents\github\prlabcg_oficina\pr8_cgeihc\x64\debug\animacion20232.obj
c:\users\abrah\desktop\documents\github\prlabcg_oficina\x64\debug\pr8_cgeihc.pdb
c:\users\abrah\desktop\documents\github\prlabcg_oficina\pr8_cgeihc\x64\debug\pr8_cgeihc.tlog\cl.command.1.tlog
c:\users\abrah\desktop\documents\github\prlabcg_oficina\pr8_cgeihc\x64\debug\pr8_cgeihc.tlog\cl.read.1.tlog
c:\users\abrah\desktop\documents\github\prlabcg_oficina\pr8_cgeihc\x64\debug\pr8_cgeihc.tlog\cl.write.1.tlog
c:\users\abrah\desktop\documents\github\prlabcg_oficina\pr8_cgeihc\x64\debug\pr8_cgeihc.tlog\link-cvtres.read.1.tlog
c:\users\abrah\desktop\documents\github\prlabcg_oficina\pr8_cgeihc\x64\debug\pr8_cgeihc.tlog\link-cvtres.write.1.tlog
c:\users\abrah\desktop\documents\github\prlabcg_oficina\pr8_cgeihc\x64\debug\pr8_cgeihc.tlog\link-rc.read.1.tlog
c:\users\abrah\desktop\documents\github\prlabcg_oficina\pr8_cgeihc\x64\debug\pr8_cgeihc.tlog\link-rc.write.1.tlog
c:\users\abrah\desktop\documents\github\prlabcg_oficina\pr8_cgeihc\x64\debug\pr8_cgeihc.tlog\link.command.1.tlog
c:\users\abrah\desktop\documents\github\prlabcg_oficina\pr8_cgeihc\x64\debug\pr8_cgeihc.tlog\link.read.1.tlog
c:\users\abrah\desktop\documents\github\prlabcg_oficina\pr8_cgeihc\x64\debug\pr8_cgeihc.tlog\link.read.3.tlog
c:\users\abrah\desktop\documents\github\prlabcg_oficina\pr8_cgeihc\x64\debug\pr8_cgeihc.tlog\link.write.1.tlog
