C:\Program Files\Microsoft Visual Studio\2022\Professional\MSBuild\Microsoft\VC\v170\Microsoft.CppBuild.targets(531,5): warning MSB8028: El directorio intermedio (Debug\) contiene archivos compartidos de otro proyecto (Pr6_BJBP.vcxproj). Esto puede dar lugar a un comportamiento incorrecto de limpieza y recompilación.
  Animacion20232.cpp
C:\Users\abrah\Desktop\Documents\GitHub\prlabcg_oficina\Pr8_CGEIHC\Window.h(12,36): warning C4244: 'return': conversión de 'GLint' a 'GLfloat'; posible pérdida de datos
C:\Users\abrah\Desktop\Documents\GitHub\prlabcg_oficina\Pr8_CGEIHC\Window.h(13,37): warning C4244: 'return': conversión de 'GLint' a 'GLfloat'; posible pérdida de datos
C:\Users\abrah\Desktop\Documents\GitHub\prlabcg_oficina\Pr8_CGEIHC\Animacion20232.cpp(382,15): warning C4244: 'inicializando': conversión de 'double' a 'GLfloat'; posible pérdida de datos
C:\Users\abrah\Desktop\Documents\GitHub\prlabcg_oficina\Pr8_CGEIHC\Animacion20232.cpp(384,33): warning C4244: '+=': conversión de 'double' a 'GLfloat'; posible pérdida de datos
C:\Users\abrah\Desktop\Documents\GitHub\prlabcg_oficina\Pr8_CGEIHC\Animacion20232.cpp(717,20): warning C4305: '+=': truncamiento de 'double' a 'float'
  Camera.cpp
  DirectionalLight.cpp
C:\Users\abrah\Desktop\Documents\GitHub\prlabcg_oficina\Pr8_CGEIHC\DirectionalLight.cpp(18,14): warning C4244: 'argumento': conversión de 'GLfloat' a 'GLint'; posible pérdida de datos
C:\Users\abrah\Desktop\Documents\GitHub\prlabcg_oficina\Pr8_CGEIHC\DirectionalLight.cpp(19,14): warning C4244: 'argumento': conversión de 'GLfloat' a 'GLint'; posible pérdida de datos
C:\Users\abrah\Desktop\Documents\GitHub\prlabcg_oficina\Pr8_CGEIHC\DirectionalLight.cpp(21,14): warning C4244: 'argumento': conversión de 'GLfloat' a 'GLint'; posible pérdida de datos
C:\Users\abrah\Desktop\Documents\GitHub\prlabcg_oficina\Pr8_CGEIHC\DirectionalLight.cpp(22,14): warning C4244: 'argumento': conversión de 'GLfloat' a 'GLint'; posible pérdida de datos
  Light.cpp
  Material.cpp
  Mesh_tn.cpp
  Model.cpp
C:\Users\abrah\Desktop\Documents\GitHub\prlabcg_oficina\Pr8_CGEIHC\Model.cpp(16,10): warning C4477: 'printf' : la cadena de formato '%s' requiere un argumento de tipo 'char *', pero el argumento variádico 1 tiene el tipo 'const std::string'
C:\Users\abrah\Desktop\Documents\GitHub\prlabcg_oficina\Pr8_CGEIHC\Model.cpp(16,80): warning C4474: "printf": se pasaron demasiados argumentos para la cadena de formato
C:\Users\abrah\Desktop\Documents\GitHub\prlabcg_oficina\Pr8_CGEIHC\Model.cpp(16,80): message : los marcadores de posición y sus parámetros esperan 1 argumentos variádicos, pero se proporcionaron 2
C:\Users\abrah\Desktop\Documents\GitHub\prlabcg_oficina\Pr8_CGEIHC\Model.cpp(51,7): warning C4804: '<': uso no seguro del tipo 'bool' en la operación
C:\Users\abrah\Desktop\Documents\GitHub\prlabcg_oficina\Pr8_CGEIHC\Model.cpp(51,21): warning C4018: '<': no coinciden signed/unsigned
C:\Users\abrah\Desktop\Documents\GitHub\prlabcg_oficina\Pr8_CGEIHC\Model.cpp(138,14): warning C4477: 'printf' : la cadena de formato '%s' requiere un argumento de tipo 'char *', pero el argumento variádico 1 tiene el tipo 'std::string'
C:\Users\abrah\Desktop\Documents\GitHub\prlabcg_oficina\Pr8_CGEIHC\Model.cpp(147,14): warning C4477: 'printf' : la cadena de formato '%s' requiere un argumento de tipo 'char *', pero el argumento variádico 1 tiene el tipo 'std::string'
  PointLight.cpp
C:\Users\abrah\Desktop\Documents\GitHub\prlabcg_oficina\Pr8_CGEIHC\PointLight.cpp(28,14): warning C4244: 'argumento': conversión de 'GLfloat' a 'GLint'; posible pérdida de datos
C:\Users\abrah\Desktop\Documents\GitHub\prlabcg_oficina\Pr8_CGEIHC\PointLight.cpp(29,14): warning C4244: 'argumento': conversión de 'GLfloat' a 'GLint'; posible pérdida de datos
C:\Users\abrah\Desktop\Documents\GitHub\prlabcg_oficina\Pr8_CGEIHC\PointLight.cpp(30,14): warning C4244: 'argumento': conversión de 'GLfloat' a 'GLint'; posible pérdida de datos
C:\Users\abrah\Desktop\Documents\GitHub\prlabcg_oficina\Pr8_CGEIHC\PointLight.cpp(32,14): warning C4244: 'argumento': conversión de 'GLfloat' a 'GLint'; posible pérdida de datos
C:\Users\abrah\Desktop\Documents\GitHub\prlabcg_oficina\Pr8_CGEIHC\PointLight.cpp(33,14): warning C4244: 'argumento': conversión de 'GLfloat' a 'GLint'; posible pérdida de datos
C:\Users\abrah\Desktop\Documents\GitHub\prlabcg_oficina\Pr8_CGEIHC\PointLight.cpp(34,14): warning C4244: 'argumento': conversión de 'GLfloat' a 'GLint'; posible pérdida de datos
C:\Users\abrah\Desktop\Documents\GitHub\prlabcg_oficina\Pr8_CGEIHC\PointLight.cpp(35,14): warning C4244: 'argumento': conversión de 'GLfloat' a 'GLint'; posible pérdida de datos
  Shader_light.cpp
C:\Users\abrah\Desktop\Documents\GitHub\prlabcg_oficina\Pr8_CGEIHC\Shader_light.cpp(215,75): warning C4244: 'argumento': conversión de 'GLuint' a 'GLfloat'; posible pérdida de datos
C:\Users\abrah\Desktop\Documents\GitHub\prlabcg_oficina\Pr8_CGEIHC\Shader_light.cpp(215,26): warning C4244: 'argumento': conversión de 'GLuint' a 'GLfloat'; posible pérdida de datos
C:\Users\abrah\Desktop\Documents\GitHub\prlabcg_oficina\Pr8_CGEIHC\Shader_light.cpp(214,91): warning C4244: 'argumento': conversión de 'GLuint' a 'GLfloat'; posible pérdida de datos
C:\Users\abrah\Desktop\Documents\GitHub\prlabcg_oficina\Pr8_CGEIHC\Shader_light.cpp(214,42): warning C4244: 'argumento': conversión de 'GLuint' a 'GLfloat'; posible pérdida de datos
C:\Users\abrah\Desktop\Documents\GitHub\prlabcg_oficina\Pr8_CGEIHC\Shader_light.cpp(228,98): warning C4244: 'argumento': conversión de 'GLuint' a 'GLfloat'; posible pérdida de datos
C:\Users\abrah\Desktop\Documents\GitHub\prlabcg_oficina\Pr8_CGEIHC\Shader_light.cpp(228,62): warning C4244: 'argumento': conversión de 'GLuint' a 'GLfloat'; posible pérdida de datos
C:\Users\abrah\Desktop\Documents\GitHub\prlabcg_oficina\Pr8_CGEIHC\Shader_light.cpp(228,24): warning C4244: 'argumento': conversión de 'GLuint' a 'GLfloat'; posible pérdida de datos
C:\Users\abrah\Desktop\Documents\GitHub\prlabcg_oficina\Pr8_CGEIHC\Shader_light.cpp(227,70): warning C4244: 'argumento': conversión de 'GLuint' a 'GLfloat'; posible pérdida de datos
C:\Users\abrah\Desktop\Documents\GitHub\prlabcg_oficina\Pr8_CGEIHC\Shader_light.cpp(227,24): warning C4244: 'argumento': conversión de 'GLuint' a 'GLfloat'; posible pérdida de datos
C:\Users\abrah\Desktop\Documents\GitHub\prlabcg_oficina\Pr8_CGEIHC\Shader_light.cpp(226,88): warning C4244: 'argumento': conversión de 'GLuint' a 'GLfloat'; posible pérdida de datos
C:\Users\abrah\Desktop\Documents\GitHub\prlabcg_oficina\Pr8_CGEIHC\Shader_light.cpp(226,42): warning C4244: 'argumento': conversión de 'GLuint' a 'GLfloat'; posible pérdida de datos
  Skybox.cpp
  Sphere.cpp
C:\Users\abrah\Desktop\Documents\GitHub\prlabcg_oficina\Pr8_CGEIHC\Sphere.cpp(39,13): warning C4244: 'inicializando': conversión de 'double' a 'float'; posible pérdida de datos
C:\Users\abrah\Desktop\Documents\GitHub\prlabcg_oficina\Pr8_CGEIHC\Sphere.cpp(43,16): warning C4244: 'inicializando': conversión de 'double' a 'float'; posible pérdida de datos
  SpotLight.cpp
  Texture.cpp
  Window.cpp
C:\Users\abrah\Desktop\Documents\GitHub\prlabcg_oficina\Pr8_CGEIHC\Window.h(12,36): warning C4244: 'return': conversión de 'GLint' a 'GLfloat'; posible pérdida de datos
C:\Users\abrah\Desktop\Documents\GitHub\prlabcg_oficina\Pr8_CGEIHC\Window.h(13,37): warning C4244: 'return': conversión de 'GLint' a 'GLfloat'; posible pérdida de datos
C:\Users\abrah\Desktop\Documents\GitHub\prlabcg_oficina\Pr8_CGEIHC\Window.cpp(139,22): warning C4244: '=': conversión de 'double' a 'GLfloat'; posible pérdida de datos
C:\Users\abrah\Desktop\Documents\GitHub\prlabcg_oficina\Pr8_CGEIHC\Window.cpp(140,22): warning C4244: '=': conversión de 'double' a 'GLfloat'; posible pérdida de datos
C:\Users\abrah\Desktop\Documents\GitHub\prlabcg_oficina\Pr8_CGEIHC\Window.cpp(144,28): warning C4244: '=': conversión de 'double' a 'GLfloat'; posible pérdida de datos
C:\Users\abrah\Desktop\Documents\GitHub\prlabcg_oficina\Pr8_CGEIHC\Window.cpp(145,40): warning C4244: '=': conversión de 'double' a 'GLfloat'; posible pérdida de datos
C:\Users\abrah\Desktop\Documents\GitHub\prlabcg_oficina\Pr8_CGEIHC\Window.cpp(147,21): warning C4244: '=': conversión de 'double' a 'GLfloat'; posible pérdida de datos
C:\Users\abrah\Desktop\Documents\GitHub\prlabcg_oficina\Pr8_CGEIHC\Window.cpp(148,21): warning C4244: '=': conversión de 'double' a 'GLfloat'; posible pérdida de datos
  Generando código...
C:\Users\abrah\Desktop\Documents\GitHub\prlabcg_oficina\Pr8_CGEIHC\Window.cpp(75): warning C4715: 'Window::Initialise': no todas las rutas de acceso de control devuelven un valor
  LINK : no se encontró C:\Users\abrah\Desktop\Documents\GitHub\prlabcg_oficina\Debug\Pr8_CGEIHC.exe o no lo generó el último vínculo incremental; ejecutando vínculo completo
LINK : warning LNK4098: la biblioteca predeterminada'MSVCRT' entra en conflicto con otras bibliotecas; use la biblioteca /NODEFAULTLIB:biblioteca
  Pr8_CGEIHC.vcxproj -> C:\Users\abrah\Desktop\Documents\GitHub\prlabcg_oficina\Debug\Pr8_CGEIHC.exe
