d:\bjbp2\documents\practicaslcgeihc\pr8_cgeihc\pr8_cgeihc\debug\vc143.pdb
d:\bjbp2\documents\practicaslcgeihc\pr8_cgeihc\pr8_cgeihc\debug\vc143.idb
d:\bjbp2\documents\practicaslcgeihc\pr8_cgeihc\pr8_cgeihc\debug\window.obj
d:\bjbp2\documents\practicaslcgeihc\pr8_cgeihc\pr8_cgeihc\debug\texture.obj
d:\bjbp2\documents\practicaslcgeihc\pr8_cgeihc\pr8_cgeihc\debug\spotlight.obj
d:\bjbp2\documents\practicaslcgeihc\pr8_cgeihc\pr8_cgeihc\debug\sphere.obj
d:\bjbp2\documents\practicaslcgeihc\pr8_cgeihc\pr8_cgeihc\debug\skybox.obj
d:\bjbp2\documents\practicaslcgeihc\pr8_cgeihc\pr8_cgeihc\debug\shader_light.obj
d:\bjbp2\documents\practicaslcgeihc\pr8_cgeihc\pr8_cgeihc\debug\pointlight.obj
d:\bjbp2\documents\practicaslcgeihc\pr8_cgeihc\pr8_cgeihc\debug\model.obj
d:\bjbp2\documents\practicaslcgeihc\pr8_cgeihc\pr8_cgeihc\debug\mesh_tn.obj
d:\bjbp2\documents\practicaslcgeihc\pr8_cgeihc\pr8_cgeihc\debug\material.obj
d:\bjbp2\documents\practicaslcgeihc\pr8_cgeihc\pr8_cgeihc\debug\light.obj
d:\bjbp2\documents\practicaslcgeihc\pr8_cgeihc\pr8_cgeihc\debug\iluminación22023.obj
d:\bjbp2\documents\practicaslcgeihc\pr8_cgeihc\pr8_cgeihc\debug\directionallight.obj
d:\bjbp2\documents\practicaslcgeihc\pr8_cgeihc\pr8_cgeihc\debug\camera.obj
d:\bjbp2\documents\practicaslcgeihc\pr8_cgeihc\pr8_cgeihc\debug\pr8_cgeihc.ilk
d:\bjbp2\documents\practicaslcgeihc\pr8_cgeihc\debug\pr8_cgeihc.exe
d:\bjbp2\documents\practicaslcgeihc\pr8_cgeihc\debug\pr8_cgeihc.pdb
d:\bjbp2\documents\practicaslcgeihc\pr9_cgeihc\pr8_cgeihc\debug\camera.obj
d:\bjbp2\documents\practicaslcgeihc\pr9_cgeihc\pr8_cgeihc\debug\directionallight.obj
d:\bjbp2\documents\practicaslcgeihc\pr9_cgeihc\pr8_cgeihc\debug\iluminación22023.obj
d:\bjbp2\documents\practicaslcgeihc\pr9_cgeihc\pr8_cgeihc\debug\light.obj
d:\bjbp2\documents\practicaslcgeihc\pr9_cgeihc\pr8_cgeihc\debug\material.obj
d:\bjbp2\documents\practicaslcgeihc\pr9_cgeihc\pr8_cgeihc\debug\mesh_tn.obj
d:\bjbp2\documents\practicaslcgeihc\pr9_cgeihc\pr8_cgeihc\debug\model.obj
d:\bjbp2\documents\practicaslcgeihc\pr9_cgeihc\pr8_cgeihc\debug\p06-316004868.obj
d:\bjbp2\documents\practicaslcgeihc\pr9_cgeihc\pr8_cgeihc\debug\pointlight.obj
d:\bjbp2\documents\practicaslcgeihc\pr9_cgeihc\pr8_cgeihc\debug\shader_light.obj
d:\bjbp2\documents\practicaslcgeihc\pr9_cgeihc\pr8_cgeihc\debug\skybox.obj
d:\bjbp2\documents\practicaslcgeihc\pr9_cgeihc\pr8_cgeihc\debug\sphere.obj
d:\bjbp2\documents\practicaslcgeihc\pr9_cgeihc\pr8_cgeihc\debug\spotlight.obj
d:\bjbp2\documents\practicaslcgeihc\pr9_cgeihc\pr8_cgeihc\debug\texture.obj
d:\bjbp2\documents\practicaslcgeihc\pr9_cgeihc\pr8_cgeihc\debug\texturizado.obj
d:\bjbp2\documents\practicaslcgeihc\pr9_cgeihc\pr8_cgeihc\debug\window.obj
d:\bjbp2\documents\practicaslcgeihc\pr9_cgeihc\pr8_cgeihc\debug\pr6_bjbp.ilk
d:\bjbp2\documents\practicaslcgeihc\pr9_cgeihc\pr8_cgeihc\debug\pr8_cgeihc.ilk
d:\bjbp2\documents\practicaslcgeihc\pr9_cgeihc\pr8_cgeihc\debug\vc143.idb
d:\bjbp2\documents\practicaslcgeihc\pr9_cgeihc\pr8_cgeihc\debug\vc143.pdb
d:\bjbp2\documents\practicaslcgeihc\pr9_cgeihc\debug\pr8_cgeihc.pdb
d:\bjbp2\documents\practicaslcgeihc\pr9_cgeihc\debug\pr8_cgeihc.exe
d:\bjbp2\documents\practicaslcgeihc\pr9_cgeihc\pr8_cgeihc\debug\pr8_cgeihc.tlog\cl.command.1.tlog
d:\bjbp2\documents\practicaslcgeihc\pr9_cgeihc\pr8_cgeihc\debug\pr8_cgeihc.tlog\cl.read.1.tlog
d:\bjbp2\documents\practicaslcgeihc\pr9_cgeihc\pr8_cgeihc\debug\pr8_cgeihc.tlog\cl.write.1.tlog
d:\bjbp2\documents\practicaslcgeihc\pr9_cgeihc\pr8_cgeihc\debug\pr8_cgeihc.tlog\link.command.1.tlog
d:\bjbp2\documents\practicaslcgeihc\pr9_cgeihc\pr8_cgeihc\debug\pr8_cgeihc.tlog\link.read.1.tlog
d:\bjbp2\documents\practicaslcgeihc\pr9_cgeihc\pr8_cgeihc\debug\pr8_cgeihc.tlog\link.write.1.tlog
